mode: set
github.com/arkadiuszekprogramista/bookingapp/cmd/web/main.go:23.13,25.16 2 0
github.com/arkadiuszekprogramista/bookingapp/cmd/web/main.go:30.2,38.16 4 0
github.com/arkadiuszekprogramista/bookingapp/cmd/web/main.go:25.16,27.3 1 0
github.com/arkadiuszekprogramista/bookingapp/cmd/web/main.go:41.18,57.17 10 1
github.com/arkadiuszekprogramista/bookingapp/cmd/web/main.go:62.3,68.12 6 1
github.com/arkadiuszekprogramista/bookingapp/cmd/web/main.go:57.17,60.4 2 0
github.com/arkadiuszekprogramista/bookingapp/cmd/web/middleware.go:10.45,21.2 3 1
github.com/arkadiuszekprogramista/bookingapp/cmd/web/middleware.go:24.50,26.2 1 1
github.com/arkadiuszekprogramista/bookingapp/cmd/web/routes.go:12.49,39.2 18 1
