mode: set
github.com/arkadiuszekprogramista/bookingapp/internal/render/render.go:22.39,24.2 1 1
github.com/arkadiuszekprogramista/bookingapp/internal/render/render.go:26.84,33.2 5 1
github.com/arkadiuszekprogramista/bookingapp/internal/render/render.go:37.105,41.18 2 1
github.com/arkadiuszekprogramista/bookingapp/internal/render/render.go:51.2,52.9 2 1
github.com/arkadiuszekprogramista/bookingapp/internal/render/render.go:56.2,64.16 5 1
github.com/arkadiuszekprogramista/bookingapp/internal/render/render.go:68.2,68.12 1 1
github.com/arkadiuszekprogramista/bookingapp/internal/render/render.go:41.18,45.3 1 0
github.com/arkadiuszekprogramista/bookingapp/internal/render/render.go:45.8,47.3 1 1
github.com/arkadiuszekprogramista/bookingapp/internal/render/render.go:52.9,54.3 1 1
github.com/arkadiuszekprogramista/bookingapp/internal/render/render.go:64.16,67.3 2 0
github.com/arkadiuszekprogramista/bookingapp/internal/render/render.go:71.67,76.16 3 1
github.com/arkadiuszekprogramista/bookingapp/internal/render/render.go:81.2,81.29 1 1
github.com/arkadiuszekprogramista/bookingapp/internal/render/render.go:102.2,102.21 1 1
github.com/arkadiuszekprogramista/bookingapp/internal/render/render.go:76.16,78.3 1 0
github.com/arkadiuszekprogramista/bookingapp/internal/render/render.go:81.29,84.17 3 1
github.com/arkadiuszekprogramista/bookingapp/internal/render/render.go:88.3,89.17 2 1
github.com/arkadiuszekprogramista/bookingapp/internal/render/render.go:93.3,93.23 1 1
github.com/arkadiuszekprogramista/bookingapp/internal/render/render.go:100.3,100.21 1 1
github.com/arkadiuszekprogramista/bookingapp/internal/render/render.go:84.17,86.4 1 0
github.com/arkadiuszekprogramista/bookingapp/internal/render/render.go:89.17,91.4 1 0
github.com/arkadiuszekprogramista/bookingapp/internal/render/render.go:93.23,95.18 2 1
github.com/arkadiuszekprogramista/bookingapp/internal/render/render.go:95.18,97.5 1 0
