mode: set
github.com/arkadiuszekprogramista/bookingapp/internal/forms/errors.go:7.44,10.2 1 1
github.com/arkadiuszekprogramista/bookingapp/internal/forms/errors.go:14.42,16.18 2 1
github.com/arkadiuszekprogramista/bookingapp/internal/forms/errors.go:20.2,20.14 1 1
github.com/arkadiuszekprogramista/bookingapp/internal/forms/errors.go:16.18,18.3 1 1
github.com/arkadiuszekprogramista/bookingapp/internal/forms/forms.go:12.29,14.2 1 1
github.com/arkadiuszekprogramista/bookingapp/internal/forms/forms.go:24.33,29.2 1 1
github.com/arkadiuszekprogramista/bookingapp/internal/forms/forms.go:32.39,35.13 2 1
github.com/arkadiuszekprogramista/bookingapp/internal/forms/forms.go:39.2,39.13 1 1
github.com/arkadiuszekprogramista/bookingapp/internal/forms/forms.go:35.13,37.3 1 1
github.com/arkadiuszekprogramista/bookingapp/internal/forms/forms.go:43.42,44.31 1 1
github.com/arkadiuszekprogramista/bookingapp/internal/forms/forms.go:44.31,47.37 2 1
github.com/arkadiuszekprogramista/bookingapp/internal/forms/forms.go:47.37,49.4 1 1
github.com/arkadiuszekprogramista/bookingapp/internal/forms/forms.go:54.56,56.21 2 1
github.com/arkadiuszekprogramista/bookingapp/internal/forms/forms.go:60.2,60.13 1 1
github.com/arkadiuszekprogramista/bookingapp/internal/forms/forms.go:56.21,59.3 2 1
github.com/arkadiuszekprogramista/bookingapp/internal/forms/forms.go:64.37,65.40 1 1
github.com/arkadiuszekprogramista/bookingapp/internal/forms/forms.go:65.40,67.3 1 1
