mode: set
github.com/arkadiuszekprogramista/bookingapp/internal/handlers/handlers.go:24.47,28.2 1 1
github.com/arkadiuszekprogramista/bookingapp/internal/handlers/handlers.go:31.33,33.2 1 1
github.com/arkadiuszekprogramista/bookingapp/internal/handlers/handlers.go:36.67,41.2 3 1
github.com/arkadiuszekprogramista/bookingapp/internal/handlers/handlers.go:44.68,57.2 5 1
github.com/arkadiuszekprogramista/bookingapp/internal/handlers/handlers.go:60.74,69.2 4 1
github.com/arkadiuszekprogramista/bookingapp/internal/handlers/handlers.go:72.78,74.16 2 1
github.com/arkadiuszekprogramista/bookingapp/internal/handlers/handlers.go:79.2,92.19 6 1
github.com/arkadiuszekprogramista/bookingapp/internal/handlers/handlers.go:103.2,104.66 2 1
github.com/arkadiuszekprogramista/bookingapp/internal/handlers/handlers.go:74.16,77.3 2 0
github.com/arkadiuszekprogramista/bookingapp/internal/handlers/handlers.go:92.19,101.3 4 0
github.com/arkadiuszekprogramista/bookingapp/internal/handlers/handlers.go:110.71,112.2 1 1
github.com/arkadiuszekprogramista/bookingapp/internal/handlers/handlers.go:115.69,117.2 1 1
github.com/arkadiuszekprogramista/bookingapp/internal/handlers/handlers.go:120.75,122.2 1 1
github.com/arkadiuszekprogramista/bookingapp/internal/handlers/handlers.go:125.79,133.2 3 1
github.com/arkadiuszekprogramista/bookingapp/internal/handlers/handlers.go:141.79,148.16 3 1
github.com/arkadiuszekprogramista/bookingapp/internal/handlers/handlers.go:152.2,153.14 2 1
github.com/arkadiuszekprogramista/bookingapp/internal/handlers/handlers.go:148.16,150.3 1 0
github.com/arkadiuszekprogramista/bookingapp/internal/handlers/handlers.go:158.70,160.2 1 1
github.com/arkadiuszekprogramista/bookingapp/internal/handlers/handlers.go:162.80,164.9 2 1
github.com/arkadiuszekprogramista/bookingapp/internal/handlers/handlers.go:171.2,178.4 4 0
github.com/arkadiuszekprogramista/bookingapp/internal/handlers/handlers.go:164.9,169.3 4 1
