mode: set
github.com/arkadiuszekprogramista/bookingapp/internal/handlers/handlers.go:30.62,35.2 1 0
github.com/arkadiuszekprogramista/bookingapp/internal/handlers/handlers.go:38.51,43.2 1 1
github.com/arkadiuszekprogramista/bookingapp/internal/handlers/handlers.go:46.33,48.2 1 1
github.com/arkadiuszekprogramista/bookingapp/internal/handlers/handlers.go:51.67,53.2 1 1
github.com/arkadiuszekprogramista/bookingapp/internal/handlers/handlers.go:56.68,59.2 1 1
github.com/arkadiuszekprogramista/bookingapp/internal/handlers/handlers.go:62.74,65.9 2 1
github.com/arkadiuszekprogramista/bookingapp/internal/handlers/handlers.go:71.2,72.16 2 1
github.com/arkadiuszekprogramista/bookingapp/internal/handlers/handlers.go:78.2,97.4 10 1
github.com/arkadiuszekprogramista/bookingapp/internal/handlers/handlers.go:65.9,69.3 3 1
github.com/arkadiuszekprogramista/bookingapp/internal/handlers/handlers.go:72.16,75.3 2 1
github.com/arkadiuszekprogramista/bookingapp/internal/handlers/handlers.go:101.78,105.16 2 1
github.com/arkadiuszekprogramista/bookingapp/internal/handlers/handlers.go:113.2,119.16 5 1
github.com/arkadiuszekprogramista/bookingapp/internal/handlers/handlers.go:124.2,125.16 2 1
github.com/arkadiuszekprogramista/bookingapp/internal/handlers/handlers.go:130.2,131.16 2 1
github.com/arkadiuszekprogramista/bookingapp/internal/handlers/handlers.go:137.2,154.19 6 1
github.com/arkadiuszekprogramista/bookingapp/internal/handlers/handlers.go:165.2,166.16 2 1
github.com/arkadiuszekprogramista/bookingapp/internal/handlers/handlers.go:172.2,182.16 3 1
github.com/arkadiuszekprogramista/bookingapp/internal/handlers/handlers.go:188.2,190.66 2 0
github.com/arkadiuszekprogramista/bookingapp/internal/handlers/handlers.go:105.16,109.3 3 1
github.com/arkadiuszekprogramista/bookingapp/internal/handlers/handlers.go:119.16,122.3 2 1
github.com/arkadiuszekprogramista/bookingapp/internal/handlers/handlers.go:125.16,128.3 2 1
github.com/arkadiuszekprogramista/bookingapp/internal/handlers/handlers.go:131.16,135.3 3 1
github.com/arkadiuszekprogramista/bookingapp/internal/handlers/handlers.go:154.19,163.3 5 1
github.com/arkadiuszekprogramista/bookingapp/internal/handlers/handlers.go:166.16,170.3 3 1
github.com/arkadiuszekprogramista/bookingapp/internal/handlers/handlers.go:182.16,186.3 3 1
github.com/arkadiuszekprogramista/bookingapp/internal/handlers/handlers.go:196.71,198.2 1 1
github.com/arkadiuszekprogramista/bookingapp/internal/handlers/handlers.go:201.69,203.2 1 1
github.com/arkadiuszekprogramista/bookingapp/internal/handlers/handlers.go:206.75,208.2 1 1
github.com/arkadiuszekprogramista/bookingapp/internal/handlers/handlers.go:211.79,213.16 2 1
github.com/arkadiuszekprogramista/bookingapp/internal/handlers/handlers.go:219.2,225.16 5 1
github.com/arkadiuszekprogramista/bookingapp/internal/handlers/handlers.go:231.2,232.16 2 1
github.com/arkadiuszekprogramista/bookingapp/internal/handlers/handlers.go:238.2,239.16 2 1
github.com/arkadiuszekprogramista/bookingapp/internal/handlers/handlers.go:245.2,245.21 1 1
github.com/arkadiuszekprogramista/bookingapp/internal/handlers/handlers.go:252.2,265.4 5 1
github.com/arkadiuszekprogramista/bookingapp/internal/handlers/handlers.go:213.16,217.3 3 1
github.com/arkadiuszekprogramista/bookingapp/internal/handlers/handlers.go:225.16,229.3 3 1
github.com/arkadiuszekprogramista/bookingapp/internal/handlers/handlers.go:232.16,236.3 3 1
github.com/arkadiuszekprogramista/bookingapp/internal/handlers/handlers.go:239.16,243.3 3 1
github.com/arkadiuszekprogramista/bookingapp/internal/handlers/handlers.go:245.21,250.3 3 1
github.com/arkadiuszekprogramista/bookingapp/internal/handlers/handlers.go:278.79,283.16 2 1
github.com/arkadiuszekprogramista/bookingapp/internal/handlers/handlers.go:296.2,306.16 8 1
github.com/arkadiuszekprogramista/bookingapp/internal/handlers/handlers.go:318.2,329.14 4 1
github.com/arkadiuszekprogramista/bookingapp/internal/handlers/handlers.go:283.16,294.3 5 1
github.com/arkadiuszekprogramista/bookingapp/internal/handlers/handlers.go:306.16,316.3 5 0
github.com/arkadiuszekprogramista/bookingapp/internal/handlers/handlers.go:334.70,336.2 1 1
github.com/arkadiuszekprogramista/bookingapp/internal/handlers/handlers.go:339.80,341.9 2 0
github.com/arkadiuszekprogramista/bookingapp/internal/handlers/handlers.go:349.2,365.4 9 0
github.com/arkadiuszekprogramista/bookingapp/internal/handlers/handlers.go:341.9,347.3 4 0
github.com/arkadiuszekprogramista/bookingapp/internal/handlers/handlers.go:369.73,371.16 2 0
github.com/arkadiuszekprogramista/bookingapp/internal/handlers/handlers.go:376.2,377.9 2 0
github.com/arkadiuszekprogramista/bookingapp/internal/handlers/handlers.go:382.2,386.63 3 0
github.com/arkadiuszekprogramista/bookingapp/internal/handlers/handlers.go:371.16,374.3 2 0
github.com/arkadiuszekprogramista/bookingapp/internal/handlers/handlers.go:377.9,380.3 2 0
github.com/arkadiuszekprogramista/bookingapp/internal/handlers/handlers.go:392.71,394.16 2 0
github.com/arkadiuszekprogramista/bookingapp/internal/handlers/handlers.go:398.2,404.16 5 0
github.com/arkadiuszekprogramista/bookingapp/internal/handlers/handlers.go:409.2,410.16 2 0
github.com/arkadiuszekprogramista/bookingapp/internal/handlers/handlers.go:415.2,418.16 3 0
github.com/arkadiuszekprogramista/bookingapp/internal/handlers/handlers.go:424.2,431.63 6 0
github.com/arkadiuszekprogramista/bookingapp/internal/handlers/handlers.go:394.16,397.3 2 0
github.com/arkadiuszekprogramista/bookingapp/internal/handlers/handlers.go:404.16,407.3 2 0
github.com/arkadiuszekprogramista/bookingapp/internal/handlers/handlers.go:410.16,413.3 2 0
github.com/arkadiuszekprogramista/bookingapp/internal/handlers/handlers.go:418.16,420.3 1 0
